<?xml version="1.0" encoding="UTF-8"?>
<!-- Generated by org.testng.reporters.JUnitReportReporter -->
<testsuite hostname="Kirans-MacBook-Pro.local" failures="0" tests="6" name="com.sportyshoes.login.EditProfileTests" time="46.558" errors="0" timestamp="2024-07-26T23:23:26 BST" skipped="0">
  <testcase classname="com.sportyshoes.login.EditProfileTests" name="verifyMemberAbleToEditProfile" time="7.948"/>
  <testcase classname="com.sportyshoes.login.EditProfileTests" name="verifyMemberNotAllowToUpdatePasswordWithInvalidPassword" time="7.826"/>
  <testcase classname="com.sportyshoes.login.EditProfileTests" name="verifyMemberAbleToViewEditProfilePage" time="7.361"/>
  <testcase classname="com.sportyshoes.login.EditProfileTests" name="verifyNotAllowtoUpdateEmptyLname" time="7.882"/>
  <testcase classname="com.sportyshoes.login.EditProfileTests" name="verifyNotAllowtoUpdateEmptyFname" time="7.749"/>
  <testcase classname="com.sportyshoes.login.EditProfileTests" name="verifyMemberNotAllowToUpdatePasswordWithInvalidConfirmPassword" time="7.792"/>
</testsuite> <!-- com.sportyshoes.login.EditProfileTests -->
