<?xml version="1.0" encoding="UTF-8"?>
<!-- Generated by org.testng.reporters.JUnitReportReporter -->
<testsuite hostname="Kirans-MacBook-Pro.local" failures="0" tests="5" name="com.sportyshoes.addtocart.AddToCartTest" time="39.099" errors="0" timestamp="2024-07-26T23:23:26 BST" skipped="0">
  <testcase classname="com.sportyshoes.addtocart.AddToCartTest" name="validateTwoItemAddToCartAndCheckout" time="8.389"/>
  <testcase classname="com.sportyshoes.addtocart.AddToCartTest" name="verifyUserToSelectandAddToCartProduct" time="7.609"/>
  <testcase classname="com.sportyshoes.addtocart.AddToCartTest" name="verifyUserToSelectandRemoveProduct" time="7.593"/>
  <testcase classname="com.sportyshoes.addtocart.AddToCartTest" name="verifyUserAbleToViewtProduct" time="7.305"/>
  <testcase classname="com.sportyshoes.addtocart.AddToCartTest" name="validateOneItemAddToCartAndCheckout" time="8.203"/>
</testsuite> <!-- com.sportyshoes.addtocart.AddToCartTest -->
