<?xml version="1.0" encoding="UTF-8"?>
<!-- Generated by org.testng.reporters.JUnitReportReporter -->
<testsuite hostname="Kirans-MacBook-Pro.local" failures="0" tests="4" name="com.sportyshoes.login.LoginTests" time="28.930" errors="0" timestamp="2024-07-26T23:23:26 BST" skipped="0">
  <testcase classname="com.sportyshoes.login.LoginTests" name="verifyLoginPageWithvalidEmailIdandInvalidPassword" time="7.200"/>
  <testcase classname="com.sportyshoes.login.LoginTests" name="verifyLoginPageWithInvalidEmailId" time="7.243"/>
  <testcase classname="com.sportyshoes.login.LoginTests" name="verifyLoginPageWithValidUserDetails" time="7.180"/>
  <testcase classname="com.sportyshoes.login.LoginTests" name="verifyLoginPageWithInvalidEmailIdandInvalidPassword" time="7.307"/>
</testsuite> <!-- com.sportyshoes.login.LoginTests -->
